::1 - - [28/Aug/2021:19:52:51 +0000] "GET / HTTP/1.1" 304 - "-" "Mozilla/5.0 (X11; Linux x86_64) AppleWebKit/537.36 (KHTML, like Gecko) Chrome/92.0.4515.159 Safari/537.36"
::1 - - [28/Aug/2021:19:52:51 +0000] "GET /css/style.css HTTP/1.1" 304 - "http://localhost:3000/" "Mozilla/5.0 (X11; Linux x86_64) AppleWebKit/537.36 (KHTML, like Gecko) Chrome/92.0.4515.159 Safari/537.36"
::1 - - [28/Aug/2021:19:52:52 +0000] "GET /favicon.ico HTTP/1.1" 304 - "http://localhost:3000/" "Mozilla/5.0 (X11; Linux x86_64) AppleWebKit/537.36 (KHTML, like Gecko) Chrome/92.0.4515.159 Safari/537.36"
::1 - - [28/Aug/2021:20:06:00 +0000] "GET / HTTP/1.1" 200 - "-" "Mozilla/5.0 (X11; Linux x86_64) AppleWebKit/537.36 (KHTML, like Gecko) Chrome/92.0.4515.159 Safari/537.36"
::1 - - [28/Aug/2021:20:06:00 +0000] "GET /css/style.css HTTP/1.1" 200 - "https://localhost:3000/" "Mozilla/5.0 (X11; Linux x86_64) AppleWebKit/537.36 (KHTML, like Gecko) Chrome/92.0.4515.159 Safari/537.36"
::1 - - [28/Aug/2021:20:06:02 +0000] "GET /favicon.ico HTTP/1.1" 200 13 "https://localhost:3000/" "Mozilla/5.0 (X11; Linux x86_64) AppleWebKit/537.36 (KHTML, like Gecko) Chrome/92.0.4515.159 Safari/537.36"
::1 - - [28/Aug/2021:20:20:45 +0000] "GET / HTTP/1.1" 304 - "-" "Mozilla/5.0 (X11; Linux x86_64) AppleWebKit/537.36 (KHTML, like Gecko) Chrome/92.0.4515.159 Safari/537.36"
::1 - - [28/Aug/2021:20:20:45 +0000] "GET /css/style.css HTTP/1.1" 304 - "http://localhost:3000/" "Mozilla/5.0 (X11; Linux x86_64) AppleWebKit/537.36 (KHTML, like Gecko) Chrome/92.0.4515.159 Safari/537.36"
::1 - - [28/Aug/2021:20:20:45 +0000] "GET /favicon.ico HTTP/1.1" 304 - "http://localhost:3000/" "Mozilla/5.0 (X11; Linux x86_64) AppleWebKit/537.36 (KHTML, like Gecko) Chrome/92.0.4515.159 Safari/537.36"
::1 - - [28/Aug/2021:20:20:59 +0000] "POST /send HTTP/1.1" 302 46 "http://localhost:3000/" "Mozilla/5.0 (X11; Linux x86_64) AppleWebKit/537.36 (KHTML, like Gecko) Chrome/92.0.4515.159 Safari/537.36"
::1 - - [28/Aug/2021:20:20:59 +0000] "GET / HTTP/1.1" 304 - "http://localhost:3000/" "Mozilla/5.0 (X11; Linux x86_64) AppleWebKit/537.36 (KHTML, like Gecko) Chrome/92.0.4515.159 Safari/537.36"
::1 - - [28/Aug/2021:20:21:00 +0000] "GET /css/style.css HTTP/1.1" 304 - "http://localhost:3000/" "Mozilla/5.0 (X11; Linux x86_64) AppleWebKit/537.36 (KHTML, like Gecko) Chrome/92.0.4515.159 Safari/537.36"
::1 - - [28/Aug/2021:20:21:00 +0000] "GET /favicon.ico HTTP/1.1" 304 - "http://localhost:3000/" "Mozilla/5.0 (X11; Linux x86_64) AppleWebKit/537.36 (KHTML, like Gecko) Chrome/92.0.4515.159 Safari/537.36"
::1 - - [28/Aug/2021:20:22:02 +0000] "GET / HTTP/1.1" 304 - "http://localhost:3000/" "Mozilla/5.0 (X11; Linux x86_64) AppleWebKit/537.36 (KHTML, like Gecko) Chrome/92.0.4515.159 Safari/537.36"
::1 - - [28/Aug/2021:20:22:03 +0000] "GET /css/style.css HTTP/1.1" 304 - "http://localhost:3000/" "Mozilla/5.0 (X11; Linux x86_64) AppleWebKit/537.36 (KHTML, like Gecko) Chrome/92.0.4515.159 Safari/537.36"
::1 - - [28/Aug/2021:20:22:03 +0000] "GET /favicon.ico HTTP/1.1" 200 13 "http://localhost:3000/" "Mozilla/5.0 (X11; Linux x86_64) AppleWebKit/537.36 (KHTML, like Gecko) Chrome/92.0.4515.159 Safari/537.36"
::1 - - [28/Aug/2021:20:22:14 +0000] "POST /send HTTP/1.1" 302 46 "http://localhost:3000/" "Mozilla/5.0 (X11; Linux x86_64) AppleWebKit/537.36 (KHTML, like Gecko) Chrome/92.0.4515.159 Safari/537.36"
::1 - - [28/Aug/2021:20:22:14 +0000] "GET / HTTP/1.1" 304 - "http://localhost:3000/" "Mozilla/5.0 (X11; Linux x86_64) AppleWebKit/537.36 (KHTML, like Gecko) Chrome/92.0.4515.159 Safari/537.36"
::1 - - [28/Aug/2021:20:22:14 +0000] "GET /css/style.css HTTP/1.1" 304 - "http://localhost:3000/" "Mozilla/5.0 (X11; Linux x86_64) AppleWebKit/537.36 (KHTML, like Gecko) Chrome/92.0.4515.159 Safari/537.36"
::1 - - [28/Aug/2021:20:22:15 +0000] "GET /favicon.ico HTTP/1.1" 304 - "http://localhost:3000/" "Mozilla/5.0 (X11; Linux x86_64) AppleWebKit/537.36 (KHTML, like Gecko) Chrome/92.0.4515.159 Safari/537.36"
::1 - - [28/Aug/2021:21:49:33 +0000] "GET / HTTP/1.1" 304 - "-" "Mozilla/5.0 (X11; Linux x86_64) AppleWebKit/537.36 (KHTML, like Gecko) Chrome/92.0.4515.159 Safari/537.36"
::1 - - [28/Aug/2021:21:49:33 +0000] "GET /css/style.css HTTP/1.1" 304 - "http://localhost:3000/" "Mozilla/5.0 (X11; Linux x86_64) AppleWebKit/537.36 (KHTML, like Gecko) Chrome/92.0.4515.159 Safari/537.36"
::1 - - [28/Aug/2021:21:49:33 +0000] "GET /favicon.ico HTTP/1.1" 304 - "http://localhost:3000/" "Mozilla/5.0 (X11; Linux x86_64) AppleWebKit/537.36 (KHTML, like Gecko) Chrome/92.0.4515.159 Safari/537.36"
::1 - - [28/Aug/2021:21:53:36 +0000] "POST /send HTTP/1.1" - - "http://localhost:3000/" "Mozilla/5.0 (X11; Linux x86_64) AppleWebKit/537.36 (KHTML, like Gecko) Chrome/92.0.4515.159 Safari/537.36"
::1 - - [28/Aug/2021:21:54:48 +0000] "GET / HTTP/1.1" 304 - "-" "Mozilla/5.0 (X11; Linux x86_64) AppleWebKit/537.36 (KHTML, like Gecko) Chrome/92.0.4515.159 Safari/537.36"
::1 - - [28/Aug/2021:21:54:48 +0000] "GET /css/style.css HTTP/1.1" 304 - "http://localhost:3000/" "Mozilla/5.0 (X11; Linux x86_64) AppleWebKit/537.36 (KHTML, like Gecko) Chrome/92.0.4515.159 Safari/537.36"
::1 - - [28/Aug/2021:21:54:48 +0000] "GET /favicon.ico HTTP/1.1" 304 - "http://localhost:3000/" "Mozilla/5.0 (X11; Linux x86_64) AppleWebKit/537.36 (KHTML, like Gecko) Chrome/92.0.4515.159 Safari/537.36"
::1 - - [28/Aug/2021:21:55:01 +0000] "POST /send HTTP/1.1" 500 - "http://localhost:3000/" "Mozilla/5.0 (X11; Linux x86_64) AppleWebKit/537.36 (KHTML, like Gecko) Chrome/92.0.4515.159 Safari/537.36"
::1 - - [28/Aug/2021:21:57:43 +0000] "POST /send HTTP/1.1" - - "http://localhost:3000/" "Mozilla/5.0 (X11; Linux x86_64) AppleWebKit/537.36 (KHTML, like Gecko) Chrome/92.0.4515.159 Safari/537.36"
::1 - - [28/Aug/2021:21:57:45 +0000] "GET / HTTP/1.1" 304 - "-" "Mozilla/5.0 (X11; Linux x86_64) AppleWebKit/537.36 (KHTML, like Gecko) Chrome/92.0.4515.159 Safari/537.36"
::1 - - [28/Aug/2021:21:57:45 +0000] "GET /css/style.css HTTP/1.1" 304 - "http://localhost:3000/" "Mozilla/5.0 (X11; Linux x86_64) AppleWebKit/537.36 (KHTML, like Gecko) Chrome/92.0.4515.159 Safari/537.36"
::1 - - [28/Aug/2021:21:57:45 +0000] "GET /favicon.ico HTTP/1.1" 304 - "http://localhost:3000/" "Mozilla/5.0 (X11; Linux x86_64) AppleWebKit/537.36 (KHTML, like Gecko) Chrome/92.0.4515.159 Safari/537.36"
::1 - - [28/Aug/2021:22:09:35 +0000] "GET / HTTP/1.1" 304 - "-" "Mozilla/5.0 (X11; Linux x86_64) AppleWebKit/537.36 (KHTML, like Gecko) Chrome/92.0.4515.159 Safari/537.36"
::1 - - [28/Aug/2021:22:09:35 +0000] "GET /css/style.css HTTP/1.1" 304 - "http://localhost:3000/" "Mozilla/5.0 (X11; Linux x86_64) AppleWebKit/537.36 (KHTML, like Gecko) Chrome/92.0.4515.159 Safari/537.36"
::1 - - [28/Aug/2021:22:09:35 +0000] "GET /favicon.ico HTTP/1.1" 304 - "http://localhost:3000/" "Mozilla/5.0 (X11; Linux x86_64) AppleWebKit/537.36 (KHTML, like Gecko) Chrome/92.0.4515.159 Safari/537.36"
::1 - - [28/Aug/2021:22:09:43 +0000] "POST /send HTTP/1.1" 302 46 "http://localhost:3000/" "Mozilla/5.0 (X11; Linux x86_64) AppleWebKit/537.36 (KHTML, like Gecko) Chrome/92.0.4515.159 Safari/537.36"
::1 - - [28/Aug/2021:22:09:43 +0000] "GET / HTTP/1.1" 304 - "http://localhost:3000/" "Mozilla/5.0 (X11; Linux x86_64) AppleWebKit/537.36 (KHTML, like Gecko) Chrome/92.0.4515.159 Safari/537.36"
::1 - - [28/Aug/2021:22:09:43 +0000] "GET /css/style.css HTTP/1.1" 304 - "http://localhost:3000/" "Mozilla/5.0 (X11; Linux x86_64) AppleWebKit/537.36 (KHTML, like Gecko) Chrome/92.0.4515.159 Safari/537.36"
::1 - - [28/Aug/2021:22:09:44 +0000] "GET /favicon.ico HTTP/1.1" 304 - "http://localhost:3000/" "Mozilla/5.0 (X11; Linux x86_64) AppleWebKit/537.36 (KHTML, like Gecko) Chrome/92.0.4515.159 Safari/537.36"
::1 - - [28/Aug/2021:22:35:59 +0000] "GET / HTTP/1.1" 304 - "-" "Mozilla/5.0 (X11; Linux x86_64) AppleWebKit/537.36 (KHTML, like Gecko) Chrome/92.0.4515.159 Safari/537.36"
::1 - - [28/Aug/2021:22:35:59 +0000] "GET /css/style.css HTTP/1.1" 304 - "http://localhost:3000/" "Mozilla/5.0 (X11; Linux x86_64) AppleWebKit/537.36 (KHTML, like Gecko) Chrome/92.0.4515.159 Safari/537.36"
::1 - - [28/Aug/2021:22:36:00 +0000] "GET /favicon.ico HTTP/1.1" 304 - "http://localhost:3000/" "Mozilla/5.0 (X11; Linux x86_64) AppleWebKit/537.36 (KHTML, like Gecko) Chrome/92.0.4515.159 Safari/537.36"
::1 - - [28/Aug/2021:22:36:06 +0000] "POST /send HTTP/1.1" 302 46 "http://localhost:3000/" "Mozilla/5.0 (X11; Linux x86_64) AppleWebKit/537.36 (KHTML, like Gecko) Chrome/92.0.4515.159 Safari/537.36"
::1 - - [28/Aug/2021:22:36:06 +0000] "GET / HTTP/1.1" 304 - "http://localhost:3000/" "Mozilla/5.0 (X11; Linux x86_64) AppleWebKit/537.36 (KHTML, like Gecko) Chrome/92.0.4515.159 Safari/537.36"
::1 - - [28/Aug/2021:22:36:06 +0000] "GET /css/style.css HTTP/1.1" 304 - "http://localhost:3000/" "Mozilla/5.0 (X11; Linux x86_64) AppleWebKit/537.36 (KHTML, like Gecko) Chrome/92.0.4515.159 Safari/537.36"
::1 - - [28/Aug/2021:22:36:06 +0000] "GET /favicon.ico HTTP/1.1" 304 - "http://localhost:3000/" "Mozilla/5.0 (X11; Linux x86_64) AppleWebKit/537.36 (KHTML, like Gecko) Chrome/92.0.4515.159 Safari/537.36"
::1 - - [28/Aug/2021:22:51:33 +0000] "GET / HTTP/1.1" 304 - "-" "Mozilla/5.0 (X11; Linux x86_64) AppleWebKit/537.36 (KHTML, like Gecko) Chrome/92.0.4515.159 Safari/537.36"
::1 - - [28/Aug/2021:22:51:33 +0000] "GET /css/style.css HTTP/1.1" 304 - "http://localhost:3000/" "Mozilla/5.0 (X11; Linux x86_64) AppleWebKit/537.36 (KHTML, like Gecko) Chrome/92.0.4515.159 Safari/537.36"
::1 - - [28/Aug/2021:22:51:33 +0000] "GET /favicon.ico HTTP/1.1" 304 - "http://localhost:3000/" "Mozilla/5.0 (X11; Linux x86_64) AppleWebKit/537.36 (KHTML, like Gecko) Chrome/92.0.4515.159 Safari/537.36"
::1 - - [28/Aug/2021:22:51:43 +0000] "POST /send HTTP/1.1" 302 46 "http://localhost:3000/" "Mozilla/5.0 (X11; Linux x86_64) AppleWebKit/537.36 (KHTML, like Gecko) Chrome/92.0.4515.159 Safari/537.36"
::1 - - [28/Aug/2021:22:51:43 +0000] "GET / HTTP/1.1" 304 - "http://localhost:3000/" "Mozilla/5.0 (X11; Linux x86_64) AppleWebKit/537.36 (KHTML, like Gecko) Chrome/92.0.4515.159 Safari/537.36"
::1 - - [28/Aug/2021:22:51:43 +0000] "GET /css/style.css HTTP/1.1" 304 - "http://localhost:3000/" "Mozilla/5.0 (X11; Linux x86_64) AppleWebKit/537.36 (KHTML, like Gecko) Chrome/92.0.4515.159 Safari/537.36"
::1 - - [28/Aug/2021:22:51:43 +0000] "GET /favicon.ico HTTP/1.1" 304 - "http://localhost:3000/" "Mozilla/5.0 (X11; Linux x86_64) AppleWebKit/537.36 (KHTML, like Gecko) Chrome/92.0.4515.159 Safari/537.36"
::1 - - [28/Aug/2021:22:54:32 +0000] "GET / HTTP/1.1" 304 - "http://localhost:3000/" "Mozilla/5.0 (X11; Linux x86_64) AppleWebKit/537.36 (KHTML, like Gecko) Chrome/92.0.4515.159 Safari/537.36"
::1 - - [28/Aug/2021:22:54:32 +0000] "GET /css/style.css HTTP/1.1" 304 - "http://localhost:3000/" "Mozilla/5.0 (X11; Linux x86_64) AppleWebKit/537.36 (KHTML, like Gecko) Chrome/92.0.4515.159 Safari/537.36"
::1 - - [28/Aug/2021:22:54:32 +0000] "GET /favicon.ico HTTP/1.1" 200 13 "http://localhost:3000/" "Mozilla/5.0 (X11; Linux x86_64) AppleWebKit/537.36 (KHTML, like Gecko) Chrome/92.0.4515.159 Safari/537.36"
::1 - - [28/Aug/2021:22:54:34 +0000] "GET / HTTP/1.1" 304 - "http://localhost:3000/" "Mozilla/5.0 (X11; Linux x86_64) AppleWebKit/537.36 (KHTML, like Gecko) Chrome/92.0.4515.159 Safari/537.36"
::1 - - [28/Aug/2021:22:54:34 +0000] "GET /css/style.css HTTP/1.1" 304 - "http://localhost:3000/" "Mozilla/5.0 (X11; Linux x86_64) AppleWebKit/537.36 (KHTML, like Gecko) Chrome/92.0.4515.159 Safari/537.36"
::1 - - [28/Aug/2021:22:54:34 +0000] "GET /favicon.ico HTTP/1.1" 200 13 "http://localhost:3000/" "Mozilla/5.0 (X11; Linux x86_64) AppleWebKit/537.36 (KHTML, like Gecko) Chrome/92.0.4515.159 Safari/537.36"
::1 - - [28/Aug/2021:22:54:35 +0000] "GET / HTTP/1.1" 304 - "http://localhost:3000/" "Mozilla/5.0 (X11; Linux x86_64) AppleWebKit/537.36 (KHTML, like Gecko) Chrome/92.0.4515.159 Safari/537.36"
::1 - - [28/Aug/2021:22:54:35 +0000] "GET /css/style.css HTTP/1.1" 304 - "http://localhost:3000/" "Mozilla/5.0 (X11; Linux x86_64) AppleWebKit/537.36 (KHTML, like Gecko) Chrome/92.0.4515.159 Safari/537.36"
::1 - - [28/Aug/2021:22:54:35 +0000] "GET /favicon.ico HTTP/1.1" 200 13 "http://localhost:3000/" "Mozilla/5.0 (X11; Linux x86_64) AppleWebKit/537.36 (KHTML, like Gecko) Chrome/92.0.4515.159 Safari/537.36"
::1 - - [28/Aug/2021:22:54:37 +0000] "GET /css/style.css HTTP/1.1" 304 - "http://localhost:3000/" "Mozilla/5.0 (X11; Linux x86_64) AppleWebKit/537.36 (KHTML, like Gecko) Chrome/92.0.4515.159 Safari/537.36"
::1 - - [28/Aug/2021:22:54:39 +0000] "GET / HTTP/1.1" 200 - "http://localhost:3000/" "Mozilla/5.0 (X11; Linux x86_64) AppleWebKit/537.36 (KHTML, like Gecko) Chrome/92.0.4515.159 Safari/537.36"
::1 - - [28/Aug/2021:22:54:40 +0000] "GET /css/style.css HTTP/1.1" 200 - "http://localhost:3000/" "Mozilla/5.0 (X11; Linux x86_64) AppleWebKit/537.36 (KHTML, like Gecko) Chrome/92.0.4515.159 Safari/537.36"
::1 - - [28/Aug/2021:22:54:41 +0000] "GET /favicon.ico HTTP/1.1" 200 13 "http://localhost:3000/" "Mozilla/5.0 (X11; Linux x86_64) AppleWebKit/537.36 (KHTML, like Gecko) Chrome/92.0.4515.159 Safari/537.36"
::1 - - [28/Aug/2021:22:54:55 +0000] "POST /send HTTP/1.1" 302 46 "http://localhost:3000/" "Mozilla/5.0 (X11; Linux x86_64) AppleWebKit/537.36 (KHTML, like Gecko) Chrome/92.0.4515.159 Safari/537.36"
::1 - - [28/Aug/2021:22:54:55 +0000] "GET / HTTP/1.1" 304 - "http://localhost:3000/" "Mozilla/5.0 (X11; Linux x86_64) AppleWebKit/537.36 (KHTML, like Gecko) Chrome/92.0.4515.159 Safari/537.36"
::1 - - [28/Aug/2021:22:54:55 +0000] "GET /css/style.css HTTP/1.1" 304 - "http://localhost:3000/" "Mozilla/5.0 (X11; Linux x86_64) AppleWebKit/537.36 (KHTML, like Gecko) Chrome/92.0.4515.159 Safari/537.36"
::1 - - [28/Aug/2021:22:54:55 +0000] "GET /favicon.ico HTTP/1.1" 304 - "http://localhost:3000/" "Mozilla/5.0 (X11; Linux x86_64) AppleWebKit/537.36 (KHTML, like Gecko) Chrome/92.0.4515.159 Safari/537.36"
::1 - - [28/Aug/2021:23:01:16 +0000] "GET / HTTP/1.1" 304 - "http://localhost:3000/" "Mozilla/5.0 (X11; Linux x86_64) AppleWebKit/537.36 (KHTML, like Gecko) Chrome/92.0.4515.159 Safari/537.36"
::1 - - [28/Aug/2021:23:01:16 +0000] "GET /css/style.css HTTP/1.1" 304 - "http://localhost:3000/" "Mozilla/5.0 (X11; Linux x86_64) AppleWebKit/537.36 (KHTML, like Gecko) Chrome/92.0.4515.159 Safari/537.36"
::1 - - [28/Aug/2021:23:01:16 +0000] "GET /favicon.ico HTTP/1.1" 200 13 "http://localhost:3000/" "Mozilla/5.0 (X11; Linux x86_64) AppleWebKit/537.36 (KHTML, like Gecko) Chrome/92.0.4515.159 Safari/537.36"
::1 - - [28/Aug/2021:23:01:24 +0000] "POST /send HTTP/1.1" 302 46 "http://localhost:3000/" "Mozilla/5.0 (X11; Linux x86_64) AppleWebKit/537.36 (KHTML, like Gecko) Chrome/92.0.4515.159 Safari/537.36"
::1 - - [28/Aug/2021:23:01:24 +0000] "GET / HTTP/1.1" 304 - "http://localhost:3000/" "Mozilla/5.0 (X11; Linux x86_64) AppleWebKit/537.36 (KHTML, like Gecko) Chrome/92.0.4515.159 Safari/537.36"
::1 - - [28/Aug/2021:23:01:24 +0000] "GET /css/style.css HTTP/1.1" 304 - "http://localhost:3000/" "Mozilla/5.0 (X11; Linux x86_64) AppleWebKit/537.36 (KHTML, like Gecko) Chrome/92.0.4515.159 Safari/537.36"
::1 - - [28/Aug/2021:23:01:24 +0000] "GET /favicon.ico HTTP/1.1" 304 - "http://localhost:3000/" "Mozilla/5.0 (X11; Linux x86_64) AppleWebKit/537.36 (KHTML, like Gecko) Chrome/92.0.4515.159 Safari/537.36"
::1 - - [29/Aug/2021:02:40:25 +0000] "GET / HTTP/1.1" 304 - "http://localhost:3000/" "Mozilla/5.0 (X11; Linux x86_64) AppleWebKit/537.36 (KHTML, like Gecko) Chrome/92.0.4515.159 Safari/537.36"
::1 - - [29/Aug/2021:02:40:25 +0000] "GET /css/style.css HTTP/1.1" 304 - "http://localhost:3000/" "Mozilla/5.0 (X11; Linux x86_64) AppleWebKit/537.36 (KHTML, like Gecko) Chrome/92.0.4515.159 Safari/537.36"
::1 - - [29/Aug/2021:02:40:25 +0000] "GET /favicon.ico HTTP/1.1" 200 13 "http://localhost:3000/" "Mozilla/5.0 (X11; Linux x86_64) AppleWebKit/537.36 (KHTML, like Gecko) Chrome/92.0.4515.159 Safari/537.36"
::1 - - [29/Aug/2021:02:40:27 +0000] "GET / HTTP/1.1" 304 - "http://localhost:3000/" "Mozilla/5.0 (X11; Linux x86_64) AppleWebKit/537.36 (KHTML, like Gecko) Chrome/92.0.4515.159 Safari/537.36"
::1 - - [29/Aug/2021:02:40:27 +0000] "GET /css/style.css HTTP/1.1" 304 - "http://localhost:3000/" "Mozilla/5.0 (X11; Linux x86_64) AppleWebKit/537.36 (KHTML, like Gecko) Chrome/92.0.4515.159 Safari/537.36"
::1 - - [29/Aug/2021:02:40:27 +0000] "GET / HTTP/1.1" 304 - "http://localhost:3000/" "Mozilla/5.0 (X11; Linux x86_64) AppleWebKit/537.36 (KHTML, like Gecko) Chrome/92.0.4515.159 Safari/537.36"
::1 - - [29/Aug/2021:02:40:27 +0000] "GET /css/style.css HTTP/1.1" 304 - "http://localhost:3000/" "Mozilla/5.0 (X11; Linux x86_64) AppleWebKit/537.36 (KHTML, like Gecko) Chrome/92.0.4515.159 Safari/537.36"
::1 - - [29/Aug/2021:02:40:27 +0000] "GET /favicon.ico HTTP/1.1" 200 13 "http://localhost:3000/" "Mozilla/5.0 (X11; Linux x86_64) AppleWebKit/537.36 (KHTML, like Gecko) Chrome/92.0.4515.159 Safari/537.36"
::1 - - [29/Aug/2021:03:36:29 +0000] "GET / HTTP/1.1" 200 - "-" "Mozilla/5.0 (X11; Linux x86_64) AppleWebKit/537.36 (KHTML, like Gecko) Chrome/92.0.4515.159 Safari/537.36"
::1 - - [29/Aug/2021:03:36:30 +0000] "GET /css/style.css HTTP/1.1" 200 - "http://localhost:8080/" "Mozilla/5.0 (X11; Linux x86_64) AppleWebKit/537.36 (KHTML, like Gecko) Chrome/92.0.4515.159 Safari/537.36"
::1 - - [29/Aug/2021:03:36:30 +0000] "GET /favicon.ico HTTP/1.1" 200 13 "http://localhost:8080/" "Mozilla/5.0 (X11; Linux x86_64) AppleWebKit/537.36 (KHTML, like Gecko) Chrome/92.0.4515.159 Safari/537.36"
::1 - - [29/Aug/2021:03:36:51 +0000] "GET / HTTP/1.1" 304 - "-" "Mozilla/5.0 (X11; Linux x86_64) AppleWebKit/537.36 (KHTML, like Gecko) Chrome/92.0.4515.159 Safari/537.36"
::1 - - [29/Aug/2021:03:36:51 +0000] "GET /css/style.css HTTP/1.1" 304 - "http://localhost:8080/" "Mozilla/5.0 (X11; Linux x86_64) AppleWebKit/537.36 (KHTML, like Gecko) Chrome/92.0.4515.159 Safari/537.36"
::1 - - [29/Aug/2021:03:36:52 +0000] "GET /favicon.ico HTTP/1.1" 200 13 "http://localhost:8080/" "Mozilla/5.0 (X11; Linux x86_64) AppleWebKit/537.36 (KHTML, like Gecko) Chrome/92.0.4515.159 Safari/537.36"
::1 - - [29/Aug/2021:03:37:07 +0000] "POST /send HTTP/1.1" 302 46 "http://localhost:8080/" "Mozilla/5.0 (X11; Linux x86_64) AppleWebKit/537.36 (KHTML, like Gecko) Chrome/92.0.4515.159 Safari/537.36"
::1 - - [29/Aug/2021:03:37:07 +0000] "GET / HTTP/1.1" 304 - "http://localhost:8080/" "Mozilla/5.0 (X11; Linux x86_64) AppleWebKit/537.36 (KHTML, like Gecko) Chrome/92.0.4515.159 Safari/537.36"
::1 - - [29/Aug/2021:03:37:07 +0000] "GET /css/style.css HTTP/1.1" 304 - "http://localhost:8080/" "Mozilla/5.0 (X11; Linux x86_64) AppleWebKit/537.36 (KHTML, like Gecko) Chrome/92.0.4515.159 Safari/537.36"
::1 - - [29/Aug/2021:03:37:07 +0000] "GET /favicon.ico HTTP/1.1" 304 - "http://localhost:8080/" "Mozilla/5.0 (X11; Linux x86_64) AppleWebKit/537.36 (KHTML, like Gecko) Chrome/92.0.4515.159 Safari/537.36"
::1 - - [29/Aug/2021:03:37:45 +0000] "POST /send HTTP/1.1" 302 46 "http://localhost:8080/" "Mozilla/5.0 (X11; Linux x86_64) AppleWebKit/537.36 (KHTML, like Gecko) Chrome/92.0.4515.159 Safari/537.36"
::1 - - [29/Aug/2021:03:37:45 +0000] "GET / HTTP/1.1" 304 - "http://localhost:8080/" "Mozilla/5.0 (X11; Linux x86_64) AppleWebKit/537.36 (KHTML, like Gecko) Chrome/92.0.4515.159 Safari/537.36"
::1 - - [29/Aug/2021:03:37:45 +0000] "GET /css/style.css HTTP/1.1" 304 - "http://localhost:8080/" "Mozilla/5.0 (X11; Linux x86_64) AppleWebKit/537.36 (KHTML, like Gecko) Chrome/92.0.4515.159 Safari/537.36"
::1 - - [29/Aug/2021:03:37:45 +0000] "GET /favicon.ico HTTP/1.1" 304 - "http://localhost:8080/" "Mozilla/5.0 (X11; Linux x86_64) AppleWebKit/537.36 (KHTML, like Gecko) Chrome/92.0.4515.159 Safari/537.36"
::1 - - [29/Aug/2021:03:38:30 +0000] "POST /send HTTP/1.1" 302 46 "http://localhost:8080/" "Mozilla/5.0 (X11; Linux x86_64) AppleWebKit/537.36 (KHTML, like Gecko) Chrome/92.0.4515.159 Safari/537.36"
::1 - - [29/Aug/2021:03:38:30 +0000] "GET / HTTP/1.1" 304 - "http://localhost:8080/" "Mozilla/5.0 (X11; Linux x86_64) AppleWebKit/537.36 (KHTML, like Gecko) Chrome/92.0.4515.159 Safari/537.36"
::1 - - [29/Aug/2021:03:38:30 +0000] "GET /css/style.css HTTP/1.1" 304 - "http://localhost:8080/" "Mozilla/5.0 (X11; Linux x86_64) AppleWebKit/537.36 (KHTML, like Gecko) Chrome/92.0.4515.159 Safari/537.36"
::1 - - [29/Aug/2021:03:38:30 +0000] "GET /favicon.ico HTTP/1.1" 304 - "http://localhost:8080/" "Mozilla/5.0 (X11; Linux x86_64) AppleWebKit/537.36 (KHTML, like Gecko) Chrome/92.0.4515.159 Safari/537.36"
::1 - - [29/Aug/2021:03:39:21 +0000] "GET / HTTP/1.1" 304 - "http://localhost:8080/" "Mozilla/5.0 (X11; Linux x86_64) AppleWebKit/537.36 (KHTML, like Gecko) Chrome/92.0.4515.159 Safari/537.36"
::1 - - [29/Aug/2021:03:39:21 +0000] "GET /css/style.css HTTP/1.1" 304 - "http://localhost:8080/" "Mozilla/5.0 (X11; Linux x86_64) AppleWebKit/537.36 (KHTML, like Gecko) Chrome/92.0.4515.159 Safari/537.36"
::1 - - [29/Aug/2021:03:39:21 +0000] "GET /favicon.ico HTTP/1.1" 200 13 "http://localhost:8080/" "Mozilla/5.0 (X11; Linux x86_64) AppleWebKit/537.36 (KHTML, like Gecko) Chrome/92.0.4515.159 Safari/537.36"
::1 - - [29/Aug/2021:03:39:29 +0000] "POST /send HTTP/1.1" 302 46 "http://localhost:8080/" "Mozilla/5.0 (X11; Linux x86_64) AppleWebKit/537.36 (KHTML, like Gecko) Chrome/92.0.4515.159 Safari/537.36"
::1 - - [29/Aug/2021:03:39:29 +0000] "GET / HTTP/1.1" 304 - "http://localhost:8080/" "Mozilla/5.0 (X11; Linux x86_64) AppleWebKit/537.36 (KHTML, like Gecko) Chrome/92.0.4515.159 Safari/537.36"
::1 - - [29/Aug/2021:03:39:29 +0000] "GET /css/style.css HTTP/1.1" 304 - "http://localhost:8080/" "Mozilla/5.0 (X11; Linux x86_64) AppleWebKit/537.36 (KHTML, like Gecko) Chrome/92.0.4515.159 Safari/537.36"
::1 - - [29/Aug/2021:03:39:29 +0000] "GET /favicon.ico HTTP/1.1" 304 - "http://localhost:8080/" "Mozilla/5.0 (X11; Linux x86_64) AppleWebKit/537.36 (KHTML, like Gecko) Chrome/92.0.4515.159 Safari/537.36"
::1 - - [29/Aug/2021:03:42:48 +0000] "POST /send HTTP/1.1" 302 46 "http://localhost:8080/" "Mozilla/5.0 (X11; Linux x86_64) AppleWebKit/537.36 (KHTML, like Gecko) Chrome/92.0.4515.159 Safari/537.36"
::1 - - [29/Aug/2021:03:42:48 +0000] "GET / HTTP/1.1" 304 - "http://localhost:8080/" "Mozilla/5.0 (X11; Linux x86_64) AppleWebKit/537.36 (KHTML, like Gecko) Chrome/92.0.4515.159 Safari/537.36"
::1 - - [29/Aug/2021:03:42:49 +0000] "GET /css/style.css HTTP/1.1" 304 - "http://localhost:8080/" "Mozilla/5.0 (X11; Linux x86_64) AppleWebKit/537.36 (KHTML, like Gecko) Chrome/92.0.4515.159 Safari/537.36"
::1 - - [29/Aug/2021:03:42:49 +0000] "GET /favicon.ico HTTP/1.1" 304 - "http://localhost:8080/" "Mozilla/5.0 (X11; Linux x86_64) AppleWebKit/537.36 (KHTML, like Gecko) Chrome/92.0.4515.159 Safari/537.36"
::1 - - [29/Aug/2021:05:12:16 +0000] "GET / HTTP/1.1" 304 - "-" "Mozilla/5.0 (X11; Linux x86_64) AppleWebKit/537.36 (KHTML, like Gecko) Chrome/92.0.4515.159 Safari/537.36"
::1 - - [29/Aug/2021:05:12:16 +0000] "GET /css/style.css HTTP/1.1" 304 - "http://localhost:8080/" "Mozilla/5.0 (X11; Linux x86_64) AppleWebKit/537.36 (KHTML, like Gecko) Chrome/92.0.4515.159 Safari/537.36"
::1 - - [29/Aug/2021:05:12:17 +0000] "GET /favicon.ico HTTP/1.1" 304 - "http://localhost:8080/" "Mozilla/5.0 (X11; Linux x86_64) AppleWebKit/537.36 (KHTML, like Gecko) Chrome/92.0.4515.159 Safari/537.36"
::1 - - [29/Aug/2021:05:12:27 +0000] "POST /send HTTP/1.1" 302 46 "http://localhost:8080/" "Mozilla/5.0 (X11; Linux x86_64) AppleWebKit/537.36 (KHTML, like Gecko) Chrome/92.0.4515.159 Safari/537.36"
::1 - - [29/Aug/2021:05:12:27 +0000] "GET / HTTP/1.1" 304 - "http://localhost:8080/" "Mozilla/5.0 (X11; Linux x86_64) AppleWebKit/537.36 (KHTML, like Gecko) Chrome/92.0.4515.159 Safari/537.36"
::1 - - [29/Aug/2021:05:12:27 +0000] "GET /css/style.css HTTP/1.1" 304 - "http://localhost:8080/" "Mozilla/5.0 (X11; Linux x86_64) AppleWebKit/537.36 (KHTML, like Gecko) Chrome/92.0.4515.159 Safari/537.36"
::1 - - [29/Aug/2021:05:12:28 +0000] "GET /favicon.ico HTTP/1.1" 304 - "http://localhost:8080/" "Mozilla/5.0 (X11; Linux x86_64) AppleWebKit/537.36 (KHTML, like Gecko) Chrome/92.0.4515.159 Safari/537.36"
::1 - - [29/Aug/2021:05:15:57 +0000] "GET / HTTP/1.1" 304 - "-" "Mozilla/5.0 (X11; Linux x86_64) AppleWebKit/537.36 (KHTML, like Gecko) Chrome/92.0.4515.159 Safari/537.36"
::1 - - [29/Aug/2021:05:15:57 +0000] "GET /css/style.css HTTP/1.1" 304 - "http://localhost:8080/" "Mozilla/5.0 (X11; Linux x86_64) AppleWebKit/537.36 (KHTML, like Gecko) Chrome/92.0.4515.159 Safari/537.36"
::1 - - [29/Aug/2021:05:15:57 +0000] "GET /favicon.ico HTTP/1.1" 304 - "http://localhost:8080/" "Mozilla/5.0 (X11; Linux x86_64) AppleWebKit/537.36 (KHTML, like Gecko) Chrome/92.0.4515.159 Safari/537.36"
::1 - - [29/Aug/2021:05:16:04 +0000] "POST /send HTTP/1.1" 302 46 "http://localhost:8080/" "Mozilla/5.0 (X11; Linux x86_64) AppleWebKit/537.36 (KHTML, like Gecko) Chrome/92.0.4515.159 Safari/537.36"
::1 - - [29/Aug/2021:05:16:04 +0000] "GET / HTTP/1.1" 304 - "http://localhost:8080/" "Mozilla/5.0 (X11; Linux x86_64) AppleWebKit/537.36 (KHTML, like Gecko) Chrome/92.0.4515.159 Safari/537.36"
::1 - - [29/Aug/2021:05:16:04 +0000] "GET /css/style.css HTTP/1.1" 304 - "http://localhost:8080/" "Mozilla/5.0 (X11; Linux x86_64) AppleWebKit/537.36 (KHTML, like Gecko) Chrome/92.0.4515.159 Safari/537.36"
::1 - - [29/Aug/2021:05:16:04 +0000] "GET /favicon.ico HTTP/1.1" 304 - "http://localhost:8080/" "Mozilla/5.0 (X11; Linux x86_64) AppleWebKit/537.36 (KHTML, like Gecko) Chrome/92.0.4515.159 Safari/537.36"
::1 - - [29/Aug/2021:05:23:46 +0000] "GET / HTTP/1.1" 304 - "http://localhost:8080/" "Mozilla/5.0 (X11; Linux x86_64) AppleWebKit/537.36 (KHTML, like Gecko) Chrome/92.0.4515.159 Safari/537.36"
::1 - - [29/Aug/2021:05:23:46 +0000] "GET /css/style.css HTTP/1.1" 304 - "http://localhost:8080/" "Mozilla/5.0 (X11; Linux x86_64) AppleWebKit/537.36 (KHTML, like Gecko) Chrome/92.0.4515.159 Safari/537.36"
::1 - - [29/Aug/2021:05:23:47 +0000] "GET /favicon.ico HTTP/1.1" 200 13 "http://localhost:8080/" "Mozilla/5.0 (X11; Linux x86_64) AppleWebKit/537.36 (KHTML, like Gecko) Chrome/92.0.4515.159 Safari/537.36"
::1 - - [29/Aug/2021:05:23:53 +0000] "POST /send HTTP/1.1" 302 46 "http://localhost:8080/" "Mozilla/5.0 (X11; Linux x86_64) AppleWebKit/537.36 (KHTML, like Gecko) Chrome/92.0.4515.159 Safari/537.36"
::1 - - [29/Aug/2021:05:23:53 +0000] "GET / HTTP/1.1" 304 - "http://localhost:8080/" "Mozilla/5.0 (X11; Linux x86_64) AppleWebKit/537.36 (KHTML, like Gecko) Chrome/92.0.4515.159 Safari/537.36"
::1 - - [29/Aug/2021:05:23:54 +0000] "GET /css/style.css HTTP/1.1" 304 - "http://localhost:8080/" "Mozilla/5.0 (X11; Linux x86_64) AppleWebKit/537.36 (KHTML, like Gecko) Chrome/92.0.4515.159 Safari/537.36"
::1 - - [29/Aug/2021:05:23:54 +0000] "GET /favicon.ico HTTP/1.1" 304 - "http://localhost:8080/" "Mozilla/5.0 (X11; Linux x86_64) AppleWebKit/537.36 (KHTML, like Gecko) Chrome/92.0.4515.159 Safari/537.36"
::1 - - [29/Aug/2021:05:24:13 +0000] "GET / HTTP/1.1" 304 - "http://localhost:8080/" "Mozilla/5.0 (X11; Linux x86_64) AppleWebKit/537.36 (KHTML, like Gecko) Chrome/92.0.4515.159 Safari/537.36"
::1 - - [29/Aug/2021:05:24:13 +0000] "GET /css/style.css HTTP/1.1" 304 - "http://localhost:8080/" "Mozilla/5.0 (X11; Linux x86_64) AppleWebKit/537.36 (KHTML, like Gecko) Chrome/92.0.4515.159 Safari/537.36"
::1 - - [29/Aug/2021:05:24:13 +0000] "GET /favicon.ico HTTP/1.1" 200 13 "http://localhost:8080/" "Mozilla/5.0 (X11; Linux x86_64) AppleWebKit/537.36 (KHTML, like Gecko) Chrome/92.0.4515.159 Safari/537.36"
::1 - - [29/Aug/2021:05:24:18 +0000] "POST /send HTTP/1.1" 302 46 "http://localhost:8080/" "Mozilla/5.0 (X11; Linux x86_64) AppleWebKit/537.36 (KHTML, like Gecko) Chrome/92.0.4515.159 Safari/537.36"
::1 - - [29/Aug/2021:05:24:18 +0000] "GET / HTTP/1.1" 304 - "http://localhost:8080/" "Mozilla/5.0 (X11; Linux x86_64) AppleWebKit/537.36 (KHTML, like Gecko) Chrome/92.0.4515.159 Safari/537.36"
::1 - - [29/Aug/2021:05:24:19 +0000] "GET /css/style.css HTTP/1.1" 304 - "http://localhost:8080/" "Mozilla/5.0 (X11; Linux x86_64) AppleWebKit/537.36 (KHTML, like Gecko) Chrome/92.0.4515.159 Safari/537.36"
::1 - - [29/Aug/2021:05:24:19 +0000] "GET /favicon.ico HTTP/1.1" 304 - "http://localhost:8080/" "Mozilla/5.0 (X11; Linux x86_64) AppleWebKit/537.36 (KHTML, like Gecko) Chrome/92.0.4515.159 Safari/537.36"
::1 - - [29/Aug/2021:05:25:14 +0000] "GET / HTTP/1.1" 304 - "http://localhost:8080/" "Mozilla/5.0 (X11; Linux x86_64) AppleWebKit/537.36 (KHTML, like Gecko) Chrome/92.0.4515.159 Safari/537.36"
::1 - - [29/Aug/2021:05:25:14 +0000] "GET /css/style.css HTTP/1.1" 304 - "http://localhost:8080/" "Mozilla/5.0 (X11; Linux x86_64) AppleWebKit/537.36 (KHTML, like Gecko) Chrome/92.0.4515.159 Safari/537.36"
::1 - - [29/Aug/2021:05:25:14 +0000] "GET /favicon.ico HTTP/1.1" 200 13 "http://localhost:8080/" "Mozilla/5.0 (X11; Linux x86_64) AppleWebKit/537.36 (KHTML, like Gecko) Chrome/92.0.4515.159 Safari/537.36"
::1 - - [29/Aug/2021:05:26:10 +0000] "POST /send HTTP/1.1" 302 46 "http://localhost:8080/" "Mozilla/5.0 (X11; Linux x86_64) AppleWebKit/537.36 (KHTML, like Gecko) Chrome/92.0.4515.159 Safari/537.36"
::1 - - [29/Aug/2021:05:26:10 +0000] "GET / HTTP/1.1" 304 - "http://localhost:8080/" "Mozilla/5.0 (X11; Linux x86_64) AppleWebKit/537.36 (KHTML, like Gecko) Chrome/92.0.4515.159 Safari/537.36"
::1 - - [29/Aug/2021:05:26:10 +0000] "GET /css/style.css HTTP/1.1" 304 - "http://localhost:8080/" "Mozilla/5.0 (X11; Linux x86_64) AppleWebKit/537.36 (KHTML, like Gecko) Chrome/92.0.4515.159 Safari/537.36"
::1 - - [29/Aug/2021:05:26:11 +0000] "GET /favicon.ico HTTP/1.1" 304 - "http://localhost:8080/" "Mozilla/5.0 (X11; Linux x86_64) AppleWebKit/537.36 (KHTML, like Gecko) Chrome/92.0.4515.159 Safari/537.36"
::1 - - [29/Aug/2021:05:27:57 +0000] "GET / HTTP/1.1" 304 - "-" "Mozilla/5.0 (X11; Linux x86_64) AppleWebKit/537.36 (KHTML, like Gecko) Chrome/92.0.4515.159 Safari/537.36"
::1 - - [29/Aug/2021:05:27:57 +0000] "GET /css/style.css HTTP/1.1" 304 - "http://localhost:8080/" "Mozilla/5.0 (X11; Linux x86_64) AppleWebKit/537.36 (KHTML, like Gecko) Chrome/92.0.4515.159 Safari/537.36"
::1 - - [29/Aug/2021:05:27:58 +0000] "GET /favicon.ico HTTP/1.1" 304 - "http://localhost:8080/" "Mozilla/5.0 (X11; Linux x86_64) AppleWebKit/537.36 (KHTML, like Gecko) Chrome/92.0.4515.159 Safari/537.36"
::1 - - [29/Aug/2021:05:28:15 +0000] "POST /send HTTP/1.1" 302 46 "http://localhost:8080/" "Mozilla/5.0 (X11; Linux x86_64) AppleWebKit/537.36 (KHTML, like Gecko) Chrome/92.0.4515.159 Safari/537.36"
::1 - - [29/Aug/2021:05:28:15 +0000] "GET / HTTP/1.1" 304 - "http://localhost:8080/" "Mozilla/5.0 (X11; Linux x86_64) AppleWebKit/537.36 (KHTML, like Gecko) Chrome/92.0.4515.159 Safari/537.36"
::1 - - [29/Aug/2021:05:28:15 +0000] "GET /css/style.css HTTP/1.1" 304 - "http://localhost:8080/" "Mozilla/5.0 (X11; Linux x86_64) AppleWebKit/537.36 (KHTML, like Gecko) Chrome/92.0.4515.159 Safari/537.36"
::1 - - [29/Aug/2021:05:28:15 +0000] "GET /favicon.ico HTTP/1.1" 304 - "http://localhost:8080/" "Mozilla/5.0 (X11; Linux x86_64) AppleWebKit/537.36 (KHTML, like Gecko) Chrome/92.0.4515.159 Safari/537.36"
::1 - - [29/Aug/2021:05:30:53 +0000] "GET / HTTP/1.1" 304 - "http://localhost:8080/" "Mozilla/5.0 (X11; Linux x86_64) AppleWebKit/537.36 (KHTML, like Gecko) Chrome/92.0.4515.159 Safari/537.36"
::1 - - [29/Aug/2021:05:30:53 +0000] "GET /css/style.css HTTP/1.1" 304 - "http://localhost:8080/" "Mozilla/5.0 (X11; Linux x86_64) AppleWebKit/537.36 (KHTML, like Gecko) Chrome/92.0.4515.159 Safari/537.36"
::1 - - [29/Aug/2021:05:30:53 +0000] "GET /favicon.ico HTTP/1.1" 200 13 "http://localhost:8080/" "Mozilla/5.0 (X11; Linux x86_64) AppleWebKit/537.36 (KHTML, like Gecko) Chrome/92.0.4515.159 Safari/537.36"
::1 - - [29/Aug/2021:05:32:24 +0000] "POST /send HTTP/1.1" - - "http://localhost:8080/" "Mozilla/5.0 (X11; Linux x86_64) AppleWebKit/537.36 (KHTML, like Gecko) Chrome/92.0.4515.159 Safari/537.36"
::1 - - [29/Aug/2021:05:32:24 +0000] "GET / HTTP/1.1" 304 - "-" "Mozilla/5.0 (X11; Linux x86_64) AppleWebKit/537.36 (KHTML, like Gecko) Chrome/92.0.4515.159 Safari/537.36"
::1 - - [29/Aug/2021:05:32:24 +0000] "GET /css/style.css HTTP/1.1" 304 - "http://localhost:8080/" "Mozilla/5.0 (X11; Linux x86_64) AppleWebKit/537.36 (KHTML, like Gecko) Chrome/92.0.4515.159 Safari/537.36"
::1 - - [29/Aug/2021:05:32:24 +0000] "GET /favicon.ico HTTP/1.1" 304 - "http://localhost:8080/" "Mozilla/5.0 (X11; Linux x86_64) AppleWebKit/537.36 (KHTML, like Gecko) Chrome/92.0.4515.159 Safari/537.36"
::1 - - [29/Aug/2021:05:33:45 +0000] "POST /send HTTP/1.1" - - "http://localhost:8080/" "Mozilla/5.0 (X11; Linux x86_64) AppleWebKit/537.36 (KHTML, like Gecko) Chrome/92.0.4515.159 Safari/537.36"
::1 - - [29/Aug/2021:05:33:50 +0000] "GET / HTTP/1.1" 304 - "-" "Mozilla/5.0 (X11; Linux x86_64) AppleWebKit/537.36 (KHTML, like Gecko) Chrome/92.0.4515.159 Safari/537.36"
::1 - - [29/Aug/2021:05:33:50 +0000] "GET /css/style.css HTTP/1.1" 304 - "http://localhost:8080/" "Mozilla/5.0 (X11; Linux x86_64) AppleWebKit/537.36 (KHTML, like Gecko) Chrome/92.0.4515.159 Safari/537.36"
::1 - - [29/Aug/2021:05:33:50 +0000] "GET /favicon.ico HTTP/1.1" 200 13 "http://localhost:8080/" "Mozilla/5.0 (X11; Linux x86_64) AppleWebKit/537.36 (KHTML, like Gecko) Chrome/92.0.4515.159 Safari/537.36"
::1 - - [29/Aug/2021:05:34:43 +0000] "POST /send HTTP/1.1" 302 46 "http://localhost:8080/" "Mozilla/5.0 (X11; Linux x86_64) AppleWebKit/537.36 (KHTML, like Gecko) Chrome/92.0.4515.159 Safari/537.36"
::1 - - [29/Aug/2021:05:34:43 +0000] "GET / HTTP/1.1" 304 - "http://localhost:8080/" "Mozilla/5.0 (X11; Linux x86_64) AppleWebKit/537.36 (KHTML, like Gecko) Chrome/92.0.4515.159 Safari/537.36"
::1 - - [29/Aug/2021:05:34:43 +0000] "GET /css/style.css HTTP/1.1" 304 - "http://localhost:8080/" "Mozilla/5.0 (X11; Linux x86_64) AppleWebKit/537.36 (KHTML, like Gecko) Chrome/92.0.4515.159 Safari/537.36"
::1 - - [29/Aug/2021:05:34:44 +0000] "GET /favicon.ico HTTP/1.1" 304 - "http://localhost:8080/" "Mozilla/5.0 (X11; Linux x86_64) AppleWebKit/537.36 (KHTML, like Gecko) Chrome/92.0.4515.159 Safari/537.36"
::1 - - [29/Aug/2021:05:40:02 +0000] "GET / HTTP/1.1" 304 - "-" "Mozilla/5.0 (X11; Linux x86_64) AppleWebKit/537.36 (KHTML, like Gecko) Chrome/92.0.4515.159 Safari/537.36"
::1 - - [29/Aug/2021:05:40:02 +0000] "GET /css/style.css HTTP/1.1" 304 - "http://localhost:3000/" "Mozilla/5.0 (X11; Linux x86_64) AppleWebKit/537.36 (KHTML, like Gecko) Chrome/92.0.4515.159 Safari/537.36"
::1 - - [29/Aug/2021:05:40:03 +0000] "GET /favicon.ico HTTP/1.1" 304 - "http://localhost:3000/" "Mozilla/5.0 (X11; Linux x86_64) AppleWebKit/537.36 (KHTML, like Gecko) Chrome/92.0.4515.159 Safari/537.36"
::1 - - [29/Aug/2021:05:41:41 +0000] "POST /send HTTP/1.1" 302 46 "http://localhost:3000/" "Mozilla/5.0 (X11; Linux x86_64) AppleWebKit/537.36 (KHTML, like Gecko) Chrome/92.0.4515.159 Safari/537.36"
::1 - - [29/Aug/2021:05:41:41 +0000] "GET / HTTP/1.1" 304 - "http://localhost:3000/" "Mozilla/5.0 (X11; Linux x86_64) AppleWebKit/537.36 (KHTML, like Gecko) Chrome/92.0.4515.159 Safari/537.36"
::1 - - [29/Aug/2021:05:41:41 +0000] "GET /css/style.css HTTP/1.1" 304 - "http://localhost:3000/" "Mozilla/5.0 (X11; Linux x86_64) AppleWebKit/537.36 (KHTML, like Gecko) Chrome/92.0.4515.159 Safari/537.36"
::1 - - [29/Aug/2021:05:41:42 +0000] "GET /favicon.ico HTTP/1.1" 304 - "http://localhost:3000/" "Mozilla/5.0 (X11; Linux x86_64) AppleWebKit/537.36 (KHTML, like Gecko) Chrome/92.0.4515.159 Safari/537.36"
::1 - - [29/Aug/2021:05:45:40 +0000] "GET / HTTP/1.1" 304 - "http://localhost:3000/" "Mozilla/5.0 (X11; Linux x86_64) AppleWebKit/537.36 (KHTML, like Gecko) Chrome/92.0.4515.159 Safari/537.36"
::1 - - [29/Aug/2021:05:45:40 +0000] "GET /css/style.css HTTP/1.1" 304 - "http://localhost:3000/" "Mozilla/5.0 (X11; Linux x86_64) AppleWebKit/537.36 (KHTML, like Gecko) Chrome/92.0.4515.159 Safari/537.36"
::1 - - [29/Aug/2021:05:45:41 +0000] "GET /favicon.ico HTTP/1.1" 200 13 "http://localhost:3000/" "Mozilla/5.0 (X11; Linux x86_64) AppleWebKit/537.36 (KHTML, like Gecko) Chrome/92.0.4515.159 Safari/537.36"
::1 - - [29/Aug/2021:05:45:48 +0000] "POST /send HTTP/1.1" 302 46 "http://localhost:3000/" "Mozilla/5.0 (X11; Linux x86_64) AppleWebKit/537.36 (KHTML, like Gecko) Chrome/92.0.4515.159 Safari/537.36"
::1 - - [29/Aug/2021:05:45:48 +0000] "GET / HTTP/1.1" 304 - "http://localhost:3000/" "Mozilla/5.0 (X11; Linux x86_64) AppleWebKit/537.36 (KHTML, like Gecko) Chrome/92.0.4515.159 Safari/537.36"
::1 - - [29/Aug/2021:05:45:48 +0000] "GET /css/style.css HTTP/1.1" 304 - "http://localhost:3000/" "Mozilla/5.0 (X11; Linux x86_64) AppleWebKit/537.36 (KHTML, like Gecko) Chrome/92.0.4515.159 Safari/537.36"
::1 - - [29/Aug/2021:05:45:48 +0000] "GET /favicon.ico HTTP/1.1" 304 - "http://localhost:3000/" "Mozilla/5.0 (X11; Linux x86_64) AppleWebKit/537.36 (KHTML, like Gecko) Chrome/92.0.4515.159 Safari/537.36"
